  Background.cpp
C:\Users\ruf0064\Desktop\SDL_Assignment\SDLAssignment\Background.cpp(22,41): warning C4244:  'argument': conversion from 'double' to 'int', possible loss of data
  Bullet.cpp
C:\Users\ruf0064\Desktop\SDL_Assignment\SDLAssignment\Background.cpp(22,27): warning C4244:  'argument': conversion from 'double' to 'int', possible loss of data
C:\Users\ruf0064\Desktop\SDL_Assignment\SDLAssignment\Bullet.cpp(32,20): warning C4244:  '=': conversion from 'double' to 'int', possible loss of data
C:\Users\ruf0064\Desktop\SDL_Assignment\SDLAssignment\Bullet.cpp(33,20): warning C4244:  '=': conversion from 'double' to 'int', possible loss of data
C:\Users\ruf0064\Desktop\SDL_Assignment\SDLAssignment\Bullet.cpp(34,16): warning C4244:  '=': conversion from 'double' to 'int', possible loss of data
  Coin.cpp
C:\Users\ruf0064\Desktop\SDL_Assignment\SDLAssignment\Bullet.cpp(35,16): warning C4244:  '=': conversion from 'double' to 'int', possible loss of data
C:\Users\ruf0064\Desktop\SDL_Assignment\SDLAssignment\Coin.cpp(37,41): warning C4244:  'argument': conversion from 'double' to 'int', possible loss of data
  EndScreen.cpp
  Enemy.cpp
C:\Users\ruf0064\Desktop\SDL_Assignment\SDLAssignment\Coin.cpp(37,27): warning C4244:  'argument': conversion from 'double' to 'int', possible loss of data
C:\Users\ruf0064\Desktop\SDL_Assignment\SDLAssignment\Enemy.cpp(32,41): warning C4244:  'argument': conversion from 'double' to 'int', possible loss of data
  GameObject.cpp
  MainMenu.cpp
C:\Users\ruf0064\Desktop\SDL_Assignment\SDLAssignment\Enemy.cpp(32,27): warning C4244:  'argument': conversion from 'double' to 'int', possible loss of data
C:\Users\ruf0064\Desktop\SDL_Assignment\SDLAssignment\MainMenu.cpp(28,41): warning C4244:  'argument': conversion from 'double' to 'int', possible loss of data
  Platform.cpp
C:\Users\ruf0064\Desktop\SDL_Assignment\SDLAssignment\MainMenu.cpp(28,27): warning C4244:  'argument': conversion from 'double' to 'int', possible loss of data
C:\Users\ruf0064\Desktop\SDL_Assignment\SDLAssignment\Platform.cpp(37,20): warning C4244:  '=': conversion from 'double' to 'int', possible loss of data
C:\Users\ruf0064\Desktop\SDL_Assignment\SDLAssignment\Platform.cpp(38,20): warning C4244:  '=': conversion from 'double' to 'int', possible loss of data
C:\Users\ruf0064\Desktop\SDL_Assignment\SDLAssignment\Platform.cpp(39,16): warning C4244:  '=': conversion from 'double' to 'int', possible loss of data
  Sprite.cpp
C:\Users\ruf0064\Desktop\SDL_Assignment\SDLAssignment\Platform.cpp(40,16): warning C4244:  '=': conversion from 'double' to 'int', possible loss of data
C:\Users\ruf0064\Desktop\SDL_Assignment\SDLAssignment\Sprite.cpp(95,40): warning C4838:  conversion from 'float' to 'int' requires a narrowing conversion
C:\Users\ruf0064\Desktop\SDL_Assignment\SDLAssignment\Sprite.cpp(95,40): warning C4244:  'initializing': conversion from 'float' to 'int', possible loss of data
C:\Users\ruf0064\Desktop\SDL_Assignment\SDLAssignment\Sprite.cpp(95,68): warning C4838:  conversion from 'float' to 'int' requires a narrowing conversion
  Input.cpp
  Main.cpp
  Music.cpp
  Player.cpp
C:\Users\ruf0064\Desktop\SDL_Assignment\SDLAssignment\Sprite.cpp(95,68): warning C4244:  'initializing': conversion from 'float' to 'int', possible loss of data
C:\Users\ruf0064\Desktop\SDL_Assignment\SDLAssignment\Player.cpp(138,51): warning C4244:  'argument': conversion from 'double' to 'int', possible loss of data
C:\Users\ruf0064\Desktop\SDL_Assignment\SDLAssignment\Player.cpp(138,37): warning C4244:  'argument': conversion from 'double' to 'int', possible loss of data
C:\Users\ruf0064\Desktop\SDL_Assignment\SDLAssignment\Player.cpp(142,51): warning C4244:  'argument': conversion from 'double' to 'int', possible loss of data
  Screen.cpp
  Sounds.cpp
C:\Users\ruf0064\Desktop\SDL_Assignment\SDLAssignment\Player.cpp(142,37): warning C4244:  'argument': conversion from 'double' to 'int', possible loss of data
  Vector2D.cpp
  WriteToScreen.cpp
C:\Users\ruf0064\Desktop\SDL_Assignment\SDLAssignment\Sounds.cpp(34,50): warning C4806:  '==': unsafe operation: no value of type 'bool' promoted to type 'int' can equal the given constant
  Generating code
  Previous IPDB was built with incompatible compiler, fall back to full compilation.
  All 389 functions were compiled because no usable IPDB/IOBJ from previous compilation was found.
  Finished generating code
  SDLAssignment.vcxproj -> C:\Users\ruf0064\Desktop\SDL_Assignment\SDLAssignment\Release\SDLAssignment.exe
